<?xml version="1.0" encoding="UTF-8"?>
<coverage generated="1651270908602" clover="3.2.0">
  <project timestamp="1651270908602" name="All files">
    <metrics statements="61" coveredstatements="33" conditionals="1" coveredconditionals="0" methods="20" coveredmethods="11" elements="82" coveredelements="44" complexity="0" loc="61" ncloc="61" packages="1" files="4" classes="4"/>
    <file name="db.ts" path="/Users/menzhou/Desktop/courses/fullstack/packages/server/src/db.ts">
      <metrics statements="3" coveredstatements="0" conditionals="0" coveredconditionals="0" methods="0" coveredmethods="0"/>
      <line num="1" count="0" type="stmt"/>
      <line num="3" count="0" type="stmt"/>
      <line num="11" count="0" type="stmt"/>
    </file>
    <file name="index.ts" path="/Users/menzhou/Desktop/courses/fullstack/packages/server/src/index.ts">
      <metrics statements="9" coveredstatements="0" conditionals="0" coveredconditionals="0" methods="2" coveredmethods="0"/>
      <line num="1" count="0" type="stmt"/>
      <line num="2" count="0" type="stmt"/>
      <line num="3" count="0" type="stmt"/>
      <line num="5" count="0" type="stmt"/>
      <line num="6" count="0" type="stmt"/>
      <line num="14" count="0" type="stmt"/>
      <line num="15" count="0" type="stmt"/>
      <line num="16" count="0" type="stmt"/>
      <line num="19" count="0" type="stmt"/>
    </file>
    <file name="repository.ts" path="/Users/menzhou/Desktop/courses/fullstack/packages/server/src/repository.ts">
      <metrics statements="10" coveredstatements="0" conditionals="0" coveredconditionals="0" methods="5" coveredmethods="0"/>
      <line num="1" count="0" type="stmt"/>
      <line num="6" count="0" type="stmt"/>
      <line num="7" count="0" type="stmt"/>
      <line num="11" count="0" type="stmt"/>
      <line num="15" count="0" type="stmt"/>
      <line num="19" count="0" type="stmt"/>
      <line num="22" count="0" type="stmt"/>
      <line num="26" count="0" type="stmt"/>
      <line num="33" count="0" type="stmt"/>
      <line num="37" count="0" type="stmt"/>
    </file>
    <file name="routes.ts" path="/Users/menzhou/Desktop/courses/fullstack/packages/server/src/routes.ts">
      <metrics statements="39" coveredstatements="33" conditionals="1" coveredconditionals="0" methods="13" coveredmethods="11"/>
      <line num="4" count="1" type="stmt"/>
      <line num="5" count="0" type="cond" truecount="0" falsecount="1"/>
      <line num="6" count="0" type="stmt"/>
      <line num="9" count="1" type="stmt"/>
      <line num="10" count="6" type="stmt"/>
      <line num="14" count="0" type="stmt"/>
      <line num="18" count="6" type="stmt"/>
      <line num="21" count="1" type="stmt"/>
      <line num="22" count="1" type="stmt"/>
      <line num="23" count="1" type="stmt"/>
      <line num="27" count="6" type="stmt"/>
      <line num="30" count="1" type="stmt"/>
      <line num="31" count="1" type="stmt"/>
      <line num="32" count="1" type="stmt"/>
      <line num="33" count="1" type="stmt"/>
      <line num="34" count="1" type="stmt"/>
      <line num="36" count="0" type="stmt"/>
      <line num="41" count="6" type="stmt"/>
      <line num="44" count="2" type="stmt"/>
      <line num="45" count="2" type="stmt"/>
      <line num="46" count="2" type="stmt"/>
      <line num="47" count="2" type="stmt"/>
      <line num="48" count="1" type="stmt"/>
      <line num="50" count="1" type="stmt"/>
      <line num="55" count="6" type="stmt"/>
      <line num="58" count="1" type="stmt"/>
      <line num="59" count="1" type="stmt"/>
      <line num="60" count="1" type="stmt"/>
      <line num="61" count="1" type="stmt"/>
      <line num="62" count="1" type="stmt"/>
      <line num="63" count="1" type="stmt"/>
      <line num="65" count="0" type="stmt"/>
      <line num="70" count="6" type="stmt"/>
      <line num="73" count="1" type="stmt"/>
      <line num="74" count="1" type="stmt"/>
      <line num="75" count="1" type="stmt"/>
      <line num="76" count="1" type="stmt"/>
      <line num="77" count="1" type="stmt"/>
      <line num="79" count="0" type="stmt"/>
    </file>
  </project>
</coverage>
