{"/Users/menzhou/Desktop/courses/fullstack/packages/server/src/db.ts": {"path":"/Users/menzhou/Desktop/courses/fullstack/packages/server/src/db.ts","statementMap":{"0":{"start":{"line":1,"column":0},"end":{"line":1,"column":26}},"1":{"start":{"line":3,"column":14},"end":{"line":9,"column":2}},"2":{"start":{"line":11,"column":0},"end":{"line":11,"column":null}}},"fnMap":{},"branchMap":{},"s":{"0":0,"1":0,"2":0},"f":{},"b":{}}
,"/Users/menzhou/Desktop/courses/fullstack/packages/server/src/index.ts": {"path":"/Users/menzhou/Desktop/courses/fullstack/packages/server/src/index.ts","statementMap":{"0":{"start":{"line":1,"column":0},"end":{"line":1,"column":30}},"1":{"start":{"line":2,"column":0},"end":{"line":2,"column":37}},"2":{"start":{"line":3,"column":0},"end":{"line":3,"column":38}},"3":{"start":{"line":5,"column":13},"end":{"line":17,"column":2}},"4":{"start":{"line":5,"column":24},"end":{"line":17,"column":2}},"5":{"start":{"line":6,"column":17},"end":{"line":12,"column":4}},"6":{"start":{"line":14,"column":2},"end":{"line":14,"column":32}},"7":{"start":{"line":15,"column":2},"end":{"line":15,"column":23}},"8":{"start":{"line":16,"column":2},"end":{"line":16,"column":45}},"9":{"start":{"line":19,"column":0},"end":{"line":19,"column":7}}},"fnMap":{"0":{"name":"(anonymous_8)","decl":{"start":{"line":5,"column":13},"end":{"line":5,"column":22}},"loc":{"start":{"line":5,"column":24},"end":{"line":17,"column":2}}},"1":{"name":"(anonymous_9)","decl":{"start":{"line":5,"column":24},"end":{"line":5,"column":null}},"loc":{"start":{"line":5,"column":24},"end":{"line":17,"column":1}}}},"branchMap":{},"s":{"0":0,"1":0,"2":0,"3":0,"4":0,"5":0,"6":0,"7":0,"8":0,"9":0},"f":{"0":0,"1":0},"b":{}}
,"/Users/menzhou/Desktop/courses/fullstack/packages/server/src/repository.ts": {"path":"/Users/menzhou/Desktop/courses/fullstack/packages/server/src/repository.ts","statementMap":{"0":{"start":{"line":1,"column":0},"end":{"line":1,"column":24}},"1":{"start":{"line":6,"column":21},"end":{"line":6,"column":59}},"2":{"start":{"line":7,"column":4},"end":{"line":7,"column":25}},"3":{"start":{"line":11,"column":20},"end":{"line":13,"column":null}},"4":{"start":{"line":15,"column":4},"end":{"line":15,"column":27}},"5":{"start":{"line":19,"column":17},"end":{"line":21,"column":6}},"6":{"start":{"line":22,"column":4},"end":{"line":22,"column":24}},"7":{"start":{"line":26,"column":4},"end":{"line":29,"column":7}},"8":{"start":{"line":33,"column":4},"end":{"line":33,"column":61}},"9":{"start":{"line":37,"column":0},"end":{"line":37,"column":32}}},"fnMap":{"0":{"name":"(anonymous_8)","decl":{"start":{"line":5,"column":8},"end":{"line":5,"column":14}},"loc":{"start":{"line":5,"column":14},"end":{"line":8,"column":null}}},"1":{"name":"(anonymous_10)","decl":{"start":{"line":10,"column":8},"end":{"line":10,"column":15}},"loc":{"start":{"line":10,"column":35},"end":{"line":16,"column":null}}},"2":{"name":"(anonymous_12)","decl":{"start":{"line":18,"column":8},"end":{"line":18,"column":15}},"loc":{"start":{"line":18,"column":26},"end":{"line":23,"column":null}}},"3":{"name":"(anonymous_14)","decl":{"start":{"line":25,"column":8},"end":{"line":25,"column":18}},"loc":{"start":{"line":25,"column":29},"end":{"line":30,"column":null}}},"4":{"name":"(anonymous_16)","decl":{"start":{"line":32,"column":8},"end":{"line":32,"column":18}},"loc":{"start":{"line":32,"column":29},"end":{"line":34,"column":null}}}},"branchMap":{},"s":{"0":0,"1":0,"2":0,"3":0,"4":0,"5":0,"6":0,"7":0,"8":0,"9":0},"f":{"0":0,"1":0,"2":0,"3":0,"4":0},"b":{}}
,"/Users/menzhou/Desktop/courses/fullstack/packages/server/src/routes.ts": {"path":"/Users/menzhou/Desktop/courses/fullstack/packages/server/src/routes.ts","statementMap":{"0":{"start":{"line":4,"column":20},"end":{"line":7,"column":1}},"1":{"start":{"line":5,"column":2},"end":{"line":5,"column":43}},"2":{"start":{"line":5,"column":30},"end":{"line":5,"column":43}},"3":{"start":{"line":6,"column":2},"end":{"line":6,"column":34}},"4":{"start":{"line":9,"column":25},"end":{"line":83,"column":1}},"5":{"start":{"line":10,"column":2},"end":{"line":16,"column":5}},"6":{"start":{"line":14,"column":6},"end":{"line":14,"column":28}},"7":{"start":{"line":18,"column":2},"end":{"line":25,"column":5}},"8":{"start":{"line":21,"column":24},"end":{"line":24,"column":null}},"9":{"start":{"line":22,"column":19},"end":{"line":22,"column":44}},"10":{"start":{"line":23,"column":6},"end":{"line":23,"column":18}},"11":{"start":{"line":27,"column":2},"end":{"line":39,"column":5}},"12":{"start":{"line":30,"column":36},"end":{"line":38,"column":null}},"13":{"start":{"line":31,"column":6},"end":{"line":37,"column":null}},"14":{"start":{"line":32,"column":32},"end":{"line":32,"column":50}},"15":{"start":{"line":33,"column":22},"end":{"line":33,"column":59}},"16":{"start":{"line":34,"column":8},"end":{"line":34,"column":21}},"17":{"start":{"line":36,"column":8},"end":{"line":36,"column":31}},"18":{"start":{"line":41,"column":2},"end":{"line":53,"column":5}},"19":{"start":{"line":44,"column":55},"end":{"line":52,"column":null}},"20":{"start":{"line":45,"column":6},"end":{"line":51,"column":null}},"21":{"start":{"line":46,"column":23},"end":{"line":46,"column":33}},"22":{"start":{"line":47,"column":21},"end":{"line":47,"column":49}},"23":{"start":{"line":48,"column":8},"end":{"line":48,"column":20}},"24":{"start":{"line":50,"column":8},"end":{"line":50,"column":null}},"25":{"start":{"line":55,"column":2},"end":{"line":68,"column":5}},"26":{"start":{"line":58,"column":56},"end":{"line":67,"column":null}},"27":{"start":{"line":59,"column":6},"end":{"line":66,"column":null}},"28":{"start":{"line":60,"column":20},"end":{"line":60,"column":43}},"29":{"start":{"line":61,"column":32},"end":{"line":61,"column":50}},"30":{"start":{"line":62,"column":8},"end":{"line":62,"column":57}},"31":{"start":{"line":63,"column":8},"end":{"line":63,"column":38}},"32":{"start":{"line":65,"column":8},"end":{"line":65,"column":31}},"33":{"start":{"line":70,"column":2},"end":{"line":82,"column":5}},"34":{"start":{"line":73,"column":56},"end":{"line":81,"column":null}},"35":{"start":{"line":74,"column":6},"end":{"line":80,"column":null}},"36":{"start":{"line":75,"column":20},"end":{"line":75,"column":43}},"37":{"start":{"line":76,"column":8},"end":{"line":76,"column":40}},"38":{"start":{"line":77,"column":8},"end":{"line":77,"column":38}},"39":{"start":{"line":79,"column":8},"end":{"line":79,"column":31}},"40":{"start":{"line":9,"column":13},"end":{"line":9,"column":25}}},"fnMap":{"0":{"name":"(anonymous_7)","decl":{"start":{"line":4,"column":20},"end":{"line":4,"column":21}},"loc":{"start":{"line":4,"column":39},"end":{"line":7,"column":1}}},"1":{"name":"(anonymous_8)","decl":{"start":{"line":9,"column":25},"end":{"line":9,"column":26}},"loc":{"start":{"line":9,"column":69},"end":{"line":83,"column":1}}},"2":{"name":"(anonymous_9)","decl":{"start":{"line":13,"column":13},"end":{"line":13,"column":16}},"loc":{"start":{"line":13,"column":18},"end":{"line":15,"column":5}}},"3":{"name":"(anonymous_10)","decl":{"start":{"line":21,"column":13},"end":{"line":21,"column":22}},"loc":{"start":{"line":21,"column":24},"end":{"line":24,"column":null}}},"4":{"name":"(anonymous_11)","decl":{"start":{"line":21,"column":24},"end":{"line":21,"column":null}},"loc":{"start":{"line":21,"column":24},"end":{"line":24,"column":5}}},"5":{"name":"(anonymous_12)","decl":{"start":{"line":30,"column":13},"end":{"line":30,"column":20}},"loc":{"start":{"line":30,"column":36},"end":{"line":38,"column":null}}},"6":{"name":"(anonymous_13)","decl":{"start":{"line":30,"column":36},"end":{"line":30,"column":null}},"loc":{"start":{"line":30,"column":36},"end":{"line":38,"column":5}}},"7":{"name":"(anonymous_14)","decl":{"start":{"line":44,"column":13},"end":{"line":44,"column":20}},"loc":{"start":{"line":44,"column":55},"end":{"line":52,"column":null}}},"8":{"name":"(anonymous_15)","decl":{"start":{"line":44,"column":55},"end":{"line":44,"column":null}},"loc":{"start":{"line":44,"column":55},"end":{"line":52,"column":5}}},"9":{"name":"(anonymous_16)","decl":{"start":{"line":58,"column":13},"end":{"line":58,"column":20}},"loc":{"start":{"line":58,"column":56},"end":{"line":67,"column":null}}},"10":{"name":"(anonymous_17)","decl":{"start":{"line":58,"column":56},"end":{"line":58,"column":null}},"loc":{"start":{"line":58,"column":56},"end":{"line":67,"column":5}}},"11":{"name":"(anonymous_18)","decl":{"start":{"line":73,"column":13},"end":{"line":73,"column":20}},"loc":{"start":{"line":73,"column":56},"end":{"line":81,"column":null}}},"12":{"name":"(anonymous_19)","decl":{"start":{"line":73,"column":56},"end":{"line":73,"column":null}},"loc":{"start":{"line":73,"column":56},"end":{"line":81,"column":5}}}},"branchMap":{"0":{"loc":{"start":{"line":5,"column":2},"end":{"line":5,"column":43}},"type":"if","locations":[{"start":{"line":5,"column":2},"end":{"line":5,"column":43}}]}},"s":{"0":1,"1":0,"2":0,"3":0,"4":1,"5":6,"6":0,"7":6,"8":1,"9":1,"10":1,"11":6,"12":1,"13":1,"14":1,"15":1,"16":1,"17":0,"18":6,"19":2,"20":2,"21":2,"22":2,"23":1,"24":1,"25":6,"26":1,"27":1,"28":1,"29":1,"30":1,"31":1,"32":0,"33":6,"34":1,"35":1,"36":1,"37":1,"38":1,"39":0,"40":1},"f":{"0":0,"1":6,"2":0,"3":1,"4":1,"5":1,"6":1,"7":2,"8":2,"9":1,"10":1,"11":1,"12":1},"b":{"0":[0]}}
}
