TN:
SF:src/db.ts
FNF:0
FNH:0
DA:1,0
DA:3,0
DA:11,0
LF:3
LH:0
BRF:0
BRH:0
end_of_record
TN:
SF:src/index.ts
FN:5,(anonymous_8)
FN:5,(anonymous_9)
FNF:2
FNH:0
FNDA:0,(anonymous_8)
FNDA:0,(anonymous_9)
DA:1,0
DA:2,0
DA:3,0
DA:5,0
DA:6,0
DA:14,0
DA:15,0
DA:16,0
DA:19,0
LF:9
LH:0
BRF:0
BRH:0
end_of_record
TN:
SF:src/repository.ts
FN:5,(anonymous_8)
FN:10,(anonymous_10)
FN:18,(anonymous_12)
FN:25,(anonymous_14)
FN:32,(anonymous_16)
FNF:5
FNH:0
FNDA:0,(anonymous_8)
FNDA:0,(anonymous_10)
FNDA:0,(anonymous_12)
FNDA:0,(anonymous_14)
FNDA:0,(anonymous_16)
DA:1,0
DA:6,0
DA:7,0
DA:11,0
DA:15,0
DA:19,0
DA:22,0
DA:26,0
DA:33,0
DA:37,0
LF:10
LH:0
BRF:0
BRH:0
end_of_record
TN:
SF:src/routes.ts
FN:4,(anonymous_7)
FN:9,(anonymous_8)
FN:13,(anonymous_9)
FN:21,(anonymous_10)
FN:21,(anonymous_11)
FN:30,(anonymous_12)
FN:30,(anonymous_13)
FN:44,(anonymous_14)
FN:44,(anonymous_15)
FN:58,(anonymous_16)
FN:58,(anonymous_17)
FN:73,(anonymous_18)
FN:73,(anonymous_19)
FNF:13
FNH:11
FNDA:0,(anonymous_7)
FNDA:6,(anonymous_8)
FNDA:0,(anonymous_9)
FNDA:1,(anonymous_10)
FNDA:1,(anonymous_11)
FNDA:1,(anonymous_12)
FNDA:1,(anonymous_13)
FNDA:2,(anonymous_14)
FNDA:2,(anonymous_15)
FNDA:1,(anonymous_16)
FNDA:1,(anonymous_17)
FNDA:1,(anonymous_18)
FNDA:1,(anonymous_19)
DA:4,1
DA:5,0
DA:6,0
DA:9,1
DA:10,6
DA:14,0
DA:18,6
DA:21,1
DA:22,1
DA:23,1
DA:27,6
DA:30,1
DA:31,1
DA:32,1
DA:33,1
DA:34,1
DA:36,0
DA:41,6
DA:44,2
DA:45,2
DA:46,2
DA:47,2
DA:48,1
DA:50,1
DA:55,6
DA:58,1
DA:59,1
DA:60,1
DA:61,1
DA:62,1
DA:63,1
DA:65,0
DA:70,6
DA:73,1
DA:74,1
DA:75,1
DA:76,1
DA:77,1
DA:79,0
LF:39
LH:33
BRDA:5,0,0,0
BRF:1
BRH:0
end_of_record
